<?xml version="1.0" encoding="UTF-8"?>
<testng-results skipped="0" failed="0" ignored="0" total="1" passed="1">
  <reporter-output>
  </reporter-output>
  <suite name="Default suite" duration-ms="3713" started-at="2020-10-04T13:49:20 IST" finished-at="2020-10-04T13:49:24 IST">
    <groups>
    </groups>
    <test name="Default test" duration-ms="3713" started-at="2020-10-04T13:49:20 IST" finished-at="2020-10-04T13:49:24 IST">
      <class name="sdet.RestAssured.DocletTest">
        <test-method status="PASS" signature="testLoginAPI()[pri:0, instance:sdet.RestAssured.DocletTest@2758fe70]" name="testLoginAPI" duration-ms="3655" started-at="2020-10-04T13:49:21 IST" finished-at="2020-10-04T13:49:24 IST">
          <reporter-output>
          </reporter-output>
        </test-method> <!-- testLoginAPI -->
      </class> <!-- sdet.RestAssured.DocletTest -->
    </test> <!-- Default test -->
  </suite> <!-- Default suite -->
</testng-results>
