<?xml version="1.0" encoding="UTF-8"?>
<!-- Generated by org.testng.reporters.JUnitXMLReporter -->
<testsuite hostname="W-PF1FSBXF" ignored="1" name="Default test" tests="1" failures="0" timestamp="2020-12-30T19:37:12 IST" time="9.525" errors="0">
  <testcase name="launchBrowser" time="9.462" classname="sdetselenium.sdetliveselenium.AppTest"/>
  <testcase name="shouldAnswerWithTrue" time="0.0" classname="sdetselenium.sdetliveselenium.AppTest">
    <ignored/>
  </testcase> <!-- shouldAnswerWithTrue -->
</testsuite> <!-- Default test -->
