<?xml version="1.0" encoding="UTF-8"?>
<testng-results skipped="0" failed="0" ignored="1" total="2" passed="1">
  <reporter-output>
  </reporter-output>
  <suite name="Default suite" duration-ms="9525" started-at="2020-12-30T19:37:02 IST" finished-at="2020-12-30T19:37:12 IST">
    <groups>
    </groups>
    <test name="Default test" duration-ms="9525" started-at="2020-12-30T19:37:02 IST" finished-at="2020-12-30T19:37:12 IST">
      <class name="sdetselenium.sdetliveselenium.AppTest">
        <test-method status="PASS" signature="launchBrowser()[pri:0, instance:sdetselenium.sdetliveselenium.AppTest@612679d6]" name="launchBrowser" duration-ms="9462" started-at="2020-12-30T19:37:02 IST" finished-at="2020-12-30T19:37:12 IST">
          <reporter-output>
          </reporter-output>
        </test-method> <!-- launchBrowser -->
      </class> <!-- sdetselenium.sdetliveselenium.AppTest -->
    </test> <!-- Default test -->
  </suite> <!-- Default suite -->
</testng-results>
